<?xml version="1.0" encoding="UTF-8"?>
<!-- Generated by org.testng.reporters.JUnitReportReporter -->
<testsuite hostname="user" failures="0" tests="4" name="TestCases.ParallelExecution" time="42.153" errors="0" timestamp="2022-08-17T20:51:31 IST" skipped="0">
  <testcase classname="TestCases.ParallelExecution" name="kite" time="9.607"/>
  <testcase classname="TestCases.ParallelExecution" name="facebook" time="9.555"/>
  <testcase classname="TestCases.ParallelExecution" name="google" time="10.972"/>
  <testcase classname="TestCases.ParallelExecution" name="amazon" time="12.019"/>
</testsuite> <!-- TestCases.ParallelExecution -->
