<?xml version="1.0" encoding="UTF-8"?>
<!-- Generated by org.testng.reporters.JUnitReportReporter -->
<testsuite hostname="user" failures="0" tests="6" name="TestCases.DashboardTest" time="22.350" errors="0" timestamp="2022-08-20T20:32:19 IST" skipped="5">
  <testcase classname="TestCases.DashboardTest" name="activateTest" time="22.350"/>
  <testcase classname="TestCases.DashboardTest" name="startInvestingTest">
    <skipped/>
  </testcase> <!-- startInvestingTest -->
  <testcase classname="TestCases.DashboardTest" name="displayNameTest">
    <skipped/>
  </testcase> <!-- displayNameTest -->
  <testcase classname="TestCases.DashboardTest" name="displayProfileTest">
    <skipped/>
  </testcase> <!-- displayProfileTest -->
  <testcase classname="TestCases.DashboardTest" name="buttonTest">
    <skipped/>
  </testcase> <!-- buttonTest -->
  <testcase classname="TestCases.DashboardTest" name="displayAvatarTest">
    <skipped/>
  </testcase> <!-- displayAvatarTest -->
</testsuite> <!-- TestCases.DashboardTest -->
