<?xml version="1.0" encoding="UTF-8"?>
<!-- Generated by org.testng.reporters.JUnitReportReporter -->
<testsuite hostname="user" failures="0" tests="8" name="TestCases.HoldingsTest" time="156.553" errors="0" timestamp="2022-08-20T20:41:35 IST" skipped="0">
  <testcase classname="TestCases.HoldingsTest" name="searchForTest" time="23.841"/>
  <testcase classname="TestCases.HoldingsTest" name="placeOrderTest" time="14.433"/>
  <testcase classname="TestCases.HoldingsTest" name="placeOrderTest" time="12.009"/>
  <testcase classname="TestCases.HoldingsTest" name="startTest" time="14.800"/>
  <testcase classname="TestCases.HoldingsTest" name="placeOrderTest" time="14.168"/>
  <testcase classname="TestCases.HoldingsTest" name="placeOrderTest" time="12.994"/>
  <testcase classname="TestCases.HoldingsTest" name="createGttTest" time="31.141"/>
  <testcase classname="TestCases.HoldingsTest" name="sellTest" time="33.167"/>
</testsuite> <!-- TestCases.HoldingsTest -->
